<?xml version="1.0" encoding="UTF-8"?>
<!-- Generated by org.testng.reporters.JUnitReportReporter -->
<testsuite hostname="DESKTOP-70BG4F5" failures="0" tests="2" name="com.insurejoy.hello.my_first_system.Dem01" time="0.024" errors="0" timestamp="2022-04-21T13:08:00 IST" skipped="0">
  <testcase classname="com.insurejoy.hello.my_first_system.Dem01" name="sub" time="0.020"/>
  <system-out/>
  <testcase classname="com.insurejoy.hello.my_first_system.Dem01" name="sum" time="0.004"/>
  <system-out/>
</testsuite> <!-- com.insurejoy.hello.my_first_system.Dem01 -->
